<?xml version="1.0" encoding="UTF-8"?>
<!-- Generated by org.testng.reporters.JUnitXMLReporter -->
<testsuite hostname="SEZ10AUTODATA" ignored="0" name="Test" tests="4" failures="0" timestamp="27 Apr 2018 12:25:13 GMT" time="15.297" errors="0">
  <testcase name="TestClass2Method" time="0.003" classname="com.testngprogect.TestClass2"/>
  <testcase name="method3" time="0.004" classname="com.testngprogect.TestClass1"/>
  <testcase name="test2" time="2.968" classname="com.testngprogect.TestClass"/>
  <testcase name="test1" time="2.422" classname="com.testngprogect.TestClass"/>
</testsuite> <!-- Test -->
