<?xml version="1.0" encoding="UTF-8"?>
<testng-results skipped="0" failed="0" ignored="0" total="1" passed="1">
  <reporter-output>
  </reporter-output>
  <suite name="Default suite" duration-ms="23523" started-at="2018-06-19T13:36:06Z" finished-at="2018-06-19T13:36:29Z">
    <groups>
    </groups>
    <test name="Default test" duration-ms="23523" started-at="2018-06-19T13:36:06Z" finished-at="2018-06-19T13:36:29Z">
      <class name="com.testngprogect.Windowhandles">
        <test-method status="PASS" signature="multiplewindowHandle()[pri:0, instance:com.testngprogect.Windowhandles@4883b407]" name="multiplewindowHandle" duration-ms="23512" started-at="2018-06-19T19:06:06Z" finished-at="2018-06-19T19:06:29Z">
          <reporter-output>
          </reporter-output>
        </test-method> <!-- multiplewindowHandle -->
      </class> <!-- com.testngprogect.Windowhandles -->
    </test> <!-- Default test -->
  </suite> <!-- Default suite -->
</testng-results>
